<?xml version="1.0" encoding="UTF-8"?>
<testng-results skipped="0" failed="0" ignored="0" total="1" passed="1">
  <reporter-output>
  </reporter-output>
  <suite name="Default suite" duration-ms="7719" started-at="2018-09-15T07:05:43Z" finished-at="2018-09-15T07:05:51Z">
    <groups>
    </groups>
    <test name="Default test" duration-ms="7719" started-at="2018-09-15T07:05:43Z" finished-at="2018-09-15T07:05:51Z">
      <class name="Generic.Generic.Login">
        <test-method status="PASS" signature="loginTest()[pri:0, instance:Generic.Generic.Login@e45eb6]" name="loginTest" duration-ms="7691" started-at="2018-09-15T07:05:43Z" finished-at="2018-09-15T07:05:51Z">
          <reporter-output>
          </reporter-output>
        </test-method> <!-- loginTest -->
      </class> <!-- Generic.Generic.Login -->
    </test> <!-- Default test -->
  </suite> <!-- Default suite -->
</testng-results>
